2019-11-04 09:21:00.837 | INFO     | __main__:before_test:34 - 用户：18751877662, 进行第 1 次登陆
2019-11-04 09:33:06.706 | INFO     | __main__:password_detection:33 - 用户：18751877662, 进行第 1 次密码探测
2019-11-04 09:40:42.894 | INFO     | __main__:password_detection:33 - 用户：18751877662, 进行第 1 次密码探测
2019-11-04 10:01:02.711 | INFO     | __main__:password_detection:33 - 用户：18751877662, 进行第 1 次密码探测
2019-11-04 10:03:56.172 | INFO     | __main__:password_detection:33 - 用户：18751877662, 进行第 1 次密码探测
2019-11-04 10:06:28.908 | INFO     | __main__:password_detection:33 - 用户：18751877662, 进行第 2 次密码探测
2019-11-04 10:08:07.363 | INFO     | __main__:password_detection:56 - 用户：18751877662 , 密码：Njupt123 登陆成功
2019-11-04 10:18:57.018 | INFO     | __main__:password_detection:33 - 用户：18751877662, 进行第 1 次密码探测
2019-11-04 10:19:19.317 | INFO     | __main__:password_detection:33 - 用户：18751877662, 进行第 2 次密码探测
2019-11-04 10:20:19.067 | INFO     | __main__:password_detection:33 - 用户：18751877662, 进行第 1 次密码探测
2019-11-04 10:21:16.218 | INFO     | __main__:password_detection:33 - 用户：18751877662, 进行第 2 次密码探测
2019-11-04 10:21:58.128 | INFO     | __main__:password_detection:56 - 用户：18751877662 , 密码：Njupt123 探测成功
2019-11-04 10:23:01.590 | INFO     | __main__:password_detection:33 - 用户：18751877662, 进行第 1 次密码探测
2019-11-04 10:23:23.792 | INFO     | __main__:password_detection:33 - 用户：18751877662, 进行第 2 次密码探测
2019-11-04 10:24:05.730 | INFO     | __main__:password_detection:57 - 用户：18751877662 , 密码：Njupt123 探测成功
2019-11-04 10:25:24.669 | INFO     | __main__:before_test:106 - 用户：18751877662 , 密码：Njupt123 登陆成功
2019-11-04 10:26:29.127 | INFO     | __main__:before_test:181 - 用户: 18751877662 查询结果： 基于移动互联网用户管理的运营设计与决策虚拟仿真实验 完成 66 2019-11-04 09:48:41 2019-11-04 10:21:00 32 下载
2019-11-04 12:20:35.836 | INFO     | __main__:password_detection:32 - 用户：15251853026, 进行第 1 次密码探测
2019-11-04 12:20:52.475 | INFO     | __main__:password_detection:42 - 用户：15251853026 , 密码：12345678 探测成功
2019-11-04 12:21:39.044 | INFO     | __main__:password_detection:32 - 用户：15251853026, 进行第 1 次密码探测
2019-11-04 12:21:45.840 | INFO     | __main__:password_detection:42 - 用户：15251853026 , 密码：12345678 探测成功
2019-11-04 12:22:23.499 | INFO     | __main__:before_after_test:172 - 用户: 15251853026 查询结果： 基于移动互联网用户管理的运营设计与决策虚拟仿真实验 完成 77 2019-11-02 10:06:44 2019-11-02 10:55:59 49 下载
2019-11-04 12:25:53.939 | INFO     | __main__:password_detection:32 - 用户：18915853059, 进行第 1 次密码探测
2019-11-04 12:26:03.933 | INFO     | __main__:password_detection:32 - 用户：18915853059, 进行第 2 次密码探测
2019-11-04 12:26:45.823 | INFO     | __main__:password_detection:55 - 用户：18915853059 , 密码：Njupt123 探测成功
2019-11-04 12:27:22.174 | INFO     | __main__:before_after_test:178 - 用户: 18915853059 未作测试
2019-11-04 12:29:20.065 | INFO     | __main__:password_detection:32 - 用户：18915853059, 进行第 1 次密码探测
2019-11-04 12:29:30.585 | INFO     | __main__:password_detection:32 - 用户：18915853059, 进行第 2 次密码探测
2019-11-04 12:30:12.466 | INFO     | __main__:password_detection:55 - 用户：18915853059 , 密码：Njupt123 探测成功
2019-11-04 12:30:38.256 | INFO     | __main__:before_after_test:179 - 用户: 18915853059 未作测试
2019-11-04 12:44:51.624 | INFO     | __main__:password_detection:32 - 用户：18915853059, 进行第 1 次密码探测
2019-11-04 12:45:01.814 | INFO     | __main__:password_detection:32 - 用户：18915853059, 进行第 2 次密码探测
2019-11-04 12:45:46.995 | INFO     | __main__:password_detection:32 - 用户：18915853059, 进行第 3 次密码探测
2019-11-04 12:48:00.077 | INFO     | __main__:password_detection:32 - 用户：18915853059, 进行第 1 次密码探测
2019-11-04 12:48:45.444 | INFO     | __main__:password_detection:32 - 用户：18915853059, 进行第 2 次密码探测
2019-11-04 12:49:27.316 | INFO     | __main__:password_detection:55 - 用户：18915853059 , 密码：Njupt123 探测成功
2019-11-04 12:50:10.166 | INFO     | __main__:before_after_test:183 - 用户: 18915853059 未作测试
2019-11-04 13:06:33.827 | INFO     | __main__:password_detection:32 - 用户：15251853026, 进行第 1 次密码探测
2019-11-04 13:06:40.613 | INFO     | __main__:password_detection:42 - 用户：15251853026 , 密码：12345678 探测成功
2019-11-04 13:07:17.833 | INFO     | __main__:before_after_test:172 - 用户: 15251853026 查询结果： 基于移动互联网用户管理的运营设计与决策虚拟仿真实验 完成 77 2019-11-02 10:06:44 2019-11-02 10:55:59 49 下载
2019-11-04 13:08:46.316 | INFO     | __main__:password_detection:32 - 用户：15251853026, 进行第 1 次密码探测
2019-11-04 13:08:53.097 | INFO     | __main__:password_detection:42 - 用户：15251853026 , 密码：12345678 探测成功
2019-11-04 13:09:21.465 | INFO     | __main__:before_after_test:172 - 用户: 15251853026 查询结果： 基于移动互联网用户管理的运营设计与决策虚拟仿真实验 完成 77 2019-11-02 10:06:44 2019-11-02 10:55:59 49 下载
2019-11-04 13:42:30.865 | INFO     | __main__:password_detection:32 - 用户：17751772271, 进行第 1 次密码探测
2019-11-04 13:42:40.904 | INFO     | __main__:password_detection:32 - 用户：17751772271, 进行第 2 次密码探测
2019-11-04 13:42:50.902 | INFO     | __main__:password_detection:32 - 用户：17751772271, 进行第 3 次密码探测
2019-11-04 13:57:24.708 | INFO     | __main__:password_detection:32 - 用户：17751772271, 进行第 1 次密码探测
2019-11-04 13:58:09.977 | INFO     | __main__:password_detection:32 - 用户：17751772271, 进行第 2 次密码探测
2019-11-04 13:58:55.185 | INFO     | __main__:password_detection:32 - 用户：17751772271, 进行第 3 次密码探测
2019-11-04 14:02:05.549 | INFO     | __main__:password_detection:32 - 用户：17751772271, 进行第 1 次密码探测
2019-11-04 14:02:50.745 | INFO     | __main__:password_detection:32 - 用户：17751772271, 进行第 2 次密码探测
2019-11-04 14:03:36.092 | INFO     | __main__:password_detection:32 - 用户：17751772271, 进行第 3 次密码探测
2019-11-04 14:04:35.604 | ERROR    | __main__:before_after_test:86 - 用户： 17751772271登陆失败，记录，等待下次测试，可能原因：超时，密码未修正
2019-11-04 14:11:34.287 | INFO     | __main__:password_detection:32 - 用户：15251853026, 进行第 1 次密码探测
2019-11-04 14:11:41.080 | INFO     | __main__:password_detection:42 - 用户：15251853026 , 密码：12345678 探测成功
2019-11-04 14:12:12.645 | INFO     | __main__:before_after_test:176 - 用户: 15251853026 查询结果： 基于移动互联网用户管理的运营设计与决策虚拟仿真实验 完成 77 2019-11-02 10:06:44 2019-11-02 10:55:59 49 下载
2019-11-04 14:12:59.476 | INFO     | __main__:before_after_test:201 - 用户 15251853026 跳转到页面标签(实验评价页面) http://www.ilab-x.com/details/v5?id=4160&isView=true 
2019-11-04 14:15:27.843 | INFO     | __main__:password_detection:32 - 用户：15251853026, 进行第 1 次密码探测
2019-11-04 14:15:34.619 | INFO     | __main__:password_detection:42 - 用户：15251853026 , 密码：12345678 探测成功
2019-11-04 14:16:23.345 | INFO     | __main__:before_after_test:176 - 用户: 15251853026 查询结果： 基于移动互联网用户管理的运营设计与决策虚拟仿真实验 完成 77 2019-11-02 10:06:44 2019-11-02 10:55:59 49 下载
2019-11-04 14:17:13.299 | INFO     | __main__:before_after_test:201 - 用户 15251853026 跳转到页面标签(实验评价页面) http://www.ilab-x.com/details/v5?id=4160&isView=true 
2019-11-04 14:29:03.633 | INFO     | __main__:password_detection:32 - 用户：15251853026, 进行第 1 次密码探测
2019-11-04 14:29:10.411 | INFO     | __main__:password_detection:42 - 用户：15251853026 , 密码：12345678 探测成功
2019-11-04 19:49:11.162 | INFO     | before_detection:password_detection:32 - 用户：15251853026, 进行第 1 次密码探测
2019-11-04 19:49:17.978 | INFO     | before_detection:password_detection:42 - 用户：15251853026 , 密码：12345678 探测成功
