2019-11-09 15:50:03.786 | INFO     | __main__:password_detection:50 - 用户：15251853026, 进行第 1 次密码探测
2019-11-09 15:50:41.287 | INFO     | __main__:password_detection:81 - 用户：15251853026 , 密码：12345678 探测成功
2019-11-09 15:50:50.487 | INFO     | __main__:before_after_test:108 - 用户 15251853026, 点击进入用户页面
2019-11-09 15:50:52.528 | INFO     | __main__:<module>:162 - 用户: 15251853026 before_after_test执行完毕, test_code:-1
2019-11-09 15:52:32.529 | ERROR    | __main__:<module>:166 - 用户 15251853026 登陆子线程执行出现问题
2019-11-09 15:53:13.384 | INFO     | __main__:password_detection:50 - 用户：15251853026, 进行第 1 次密码探测
2019-11-09 15:53:50.837 | INFO     | __main__:password_detection:81 - 用户：15251853026 , 密码：12345678 探测成功
2019-11-09 15:53:59.791 | INFO     | __main__:before_after_test:108 - 用户 15251853026, 点击进入用户页面
2019-11-09 15:54:18.608 | INFO     | __main__:before_after_test:113 - 用户 15251853026, 点击左侧菜单查看成绩信息
2019-11-09 15:54:33.760 | INFO     | __main__:before_after_test:119 - 用户 15251853026, 点击我的成绩按钮
2019-11-09 15:54:38.831 | INFO     | __main__:before_after_test:123 - 用户: 15251853026 查询结果： 基于移动互联网用户管理的运营设计与决策虚拟仿真实验 完成 77 2019-11-02 10:06:44 2019-11-02 10:55:59 49 下载
2019-11-09 15:54:38.851 | INFO     | __main__:<module>:163 - 用户: 15251853026 before_after_test执行完毕, test_code:1
2019-11-09 15:56:18.852 | INFO     | __main__:<module>:175 - 用户 15251853026 得到成绩信息,开启三连流程
2019-11-09 18:29:44.714 | INFO     | __main__:password_detection:62 - 用户：15251853026, 进行第 1 次密码探测
2019-11-09 18:47:28.107 | INFO     | __main__:password_detection:62 - 用户：15251853026, 进行第 1 次密码探测
2019-11-09 18:50:21.488 | INFO     | __main__:password_detection:62 - 用户：15251853026, 进行第 1 次密码探测
2019-11-09 18:50:58.564 | INFO     | __main__:password_detection:93 - 用户：15251853026 , 密码：12345678 探测成功
2019-11-09 18:51:08.001 | INFO     | __main__:before_after_test:121 - 用户 15251853026, 点击进入用户页面
2019-11-09 18:51:25.087 | INFO     | __main__:before_after_test:126 - 用户 15251853026, 点击左侧菜单查看成绩信息
2019-11-09 18:51:40.196 | INFO     | __main__:before_after_test:132 - 用户 15251853026, 点击我的成绩按钮
2019-11-09 18:51:50.241 | INFO     | __main__:before_after_test:136 - 用户: 15251853026 查询结果： 基于移动互联网用户管理的运营设计与决策虚拟仿真实验 完成 77 2019-11-02 10:06:44 2019-11-02 10:55:59 49 下载
2019-11-09 18:52:15.294 | INFO     | __main__:san_lian:162 - 用户 15251853026 跳转到页面标签(实验评价页面) http://www.ilab-x.com/my/project/learn 
2019-11-09 18:52:25.312 | ERROR    | __main__:having_and_click:40 - 选择器 #likeBtn 不存在，页面可能加载失败
2019-11-09 18:52:25.319 | INFO     | __main__:<module>:198 - 用户: 15251853026 before_after_test执行完毕, test_code:-1
2019-11-09 18:54:55.259 | INFO     | __main__:password_detection:62 - 用户：15251853026, 进行第 1 次密码探测
2019-11-09 18:55:39.649 | INFO     | __main__:password_detection:93 - 用户：15251853026 , 密码：12345678 探测成功
2019-11-09 18:55:48.251 | INFO     | __main__:before_after_test:121 - 用户 15251853026, 点击进入用户页面
2019-11-09 18:56:05.614 | INFO     | __main__:before_after_test:126 - 用户 15251853026, 点击左侧菜单查看成绩信息
2019-11-09 18:56:20.793 | INFO     | __main__:before_after_test:132 - 用户 15251853026, 点击我的成绩按钮
2019-11-09 18:56:30.837 | INFO     | __main__:before_after_test:136 - 用户: 15251853026 查询结果： 基于移动互联网用户管理的运营设计与决策虚拟仿真实验 完成 77 2019-11-02 10:06:44 2019-11-02 10:55:59 49 下载
2019-11-09 18:57:10.430 | INFO     | __main__:san_lian:163 - 用户 15251853026 跳转到页面标签(实验评价页面) http://www.ilab-x.com/details/v5?id=4160 
2019-11-09 18:57:20.501 | INFO     | __main__:san_lian:166 - 用户 15251853026 点赞操作完成
2019-11-09 18:58:48.313 | INFO     | __main__:password_detection:62 - 用户：15251853026, 进行第 1 次密码探测
2019-11-09 18:59:27.596 | INFO     | __main__:password_detection:93 - 用户：15251853026 , 密码：12345678 探测成功
2019-11-09 18:59:34.707 | INFO     | __main__:before_after_test:121 - 用户 15251853026, 点击进入用户页面
2019-11-09 18:59:50.709 | INFO     | __main__:before_after_test:126 - 用户 15251853026, 点击左侧菜单查看成绩信息
2019-11-09 19:00:05.802 | INFO     | __main__:before_after_test:132 - 用户 15251853026, 点击我的成绩按钮
2019-11-09 19:00:15.852 | INFO     | __main__:before_after_test:136 - 用户: 15251853026 查询结果： 基于移动互联网用户管理的运营设计与决策虚拟仿真实验 完成 77 2019-11-02 10:06:44 2019-11-02 10:55:59 49 下载
2019-11-09 19:00:55.917 | INFO     | __main__:san_lian:163 - 用户 15251853026 跳转到页面标签(实验评价页面) http://www.ilab-x.com/details/v5?id=4160 
2019-11-09 19:01:05.984 | INFO     | __main__:san_lian:166 - 用户 15251853026 点赞操作完成
2019-11-09 19:17:47.991 | INFO     | __main__:<module>:199 - 用户: 15251853026 before_after_test执行完毕, test_code:1
2019-11-09 19:22:58.375 | INFO     | __main__:password_detection:62 - 用户：15251853026, 进行第 1 次密码探测
2019-11-09 19:23:37.651 | INFO     | __main__:password_detection:93 - 用户：15251853026 , 密码：12345678 探测成功
2019-11-09 19:23:47.008 | INFO     | __main__:before_after_test:121 - 用户 15251853026, 点击进入用户页面
2019-11-09 19:24:03.648 | INFO     | __main__:before_after_test:126 - 用户 15251853026, 点击左侧菜单查看成绩信息
2019-11-09 19:24:18.737 | INFO     | __main__:before_after_test:132 - 用户 15251853026, 点击我的成绩按钮
2019-11-09 19:24:28.782 | INFO     | __main__:before_after_test:136 - 用户: 15251853026 查询结果： 基于移动互联网用户管理的运营设计与决策虚拟仿真实验 完成 77 2019-11-02 10:06:44 2019-11-02 10:55:59 49 下载
2019-11-09 19:25:12.981 | INFO     | __main__:san_lian:163 - 用户 15251853026 跳转到页面标签(实验评价页面) http://www.ilab-x.com/details/v5?id=4160 
2019-11-09 19:25:23.051 | INFO     | __main__:san_lian:166 - 用户 15251853026 点赞操作完成
2019-11-09 19:27:19.864 | INFO     | __main__:password_detection:62 - 用户：15251853026, 进行第 1 次密码探测
2019-11-09 19:27:58.973 | INFO     | __main__:password_detection:93 - 用户：15251853026 , 密码：12345678 探测成功
2019-11-09 19:28:09.201 | INFO     | __main__:before_after_test:121 - 用户 15251853026, 点击进入用户页面
2019-11-09 19:28:26.600 | INFO     | __main__:before_after_test:126 - 用户 15251853026, 点击左侧菜单查看成绩信息
2019-11-09 19:28:41.689 | INFO     | __main__:before_after_test:132 - 用户 15251853026, 点击我的成绩按钮
2019-11-09 19:28:51.732 | INFO     | __main__:before_after_test:136 - 用户: 15251853026 查询结果： 基于移动互联网用户管理的运营设计与决策虚拟仿真实验 完成 77 2019-11-02 10:06:44 2019-11-02 10:55:59 49 下载
2019-11-09 19:29:32.488 | INFO     | __main__:san_lian:163 - 用户 15251853026 跳转到页面标签(实验评价页面) http://www.ilab-x.com/details/v5?id=4160 
2019-11-09 19:29:42.550 | INFO     | __main__:san_lian:166 - 用户 15251853026 点赞操作完成
2019-11-09 19:29:49.571 | INFO     | __main__:san_lian:181 - 用户 ：15251853026 已经评分完成
2019-11-09 19:29:49.584 | INFO     | __main__:san_lian:191 - 用户 ：15251853026 已经评价完成
2019-11-09 19:29:49.584 | INFO     | __main__:<module>:218 - 用户: 15251853026 before_after_test执行完毕, test_code:1
2019-11-09 19:36:21.705 | INFO     | __main__:password_detection:62 - 用户：15251853026, 进行第 1 次密码探测
2019-11-09 19:37:00.954 | INFO     | __main__:password_detection:93 - 用户：15251853026 , 密码：12345678 探测成功
2019-11-09 19:37:08.933 | INFO     | __main__:before_after_test:121 - 用户 15251853026, 点击进入用户页面
2019-11-09 19:37:26.317 | INFO     | __main__:before_after_test:126 - 用户 15251853026, 点击左侧菜单查看成绩信息
2019-11-09 19:37:41.403 | INFO     | __main__:before_after_test:132 - 用户 15251853026, 点击我的成绩按钮
2019-11-09 19:37:51.448 | INFO     | __main__:before_after_test:136 - 用户: 15251853026 查询结果： 基于移动互联网用户管理的运营设计与决策虚拟仿真实验 完成 77 2019-11-02 10:06:44 2019-11-02 10:55:59 49 下载
2019-11-09 19:38:31.375 | INFO     | __main__:san_lian:165 - 用户 15251853026 跳转到页面标签(实验评价页面) http://www.ilab-x.com/details/v5?id=4160 
2019-11-09 19:38:41.455 | INFO     | __main__:san_lian:168 - 用户 15251853026 点赞操作完成
2019-11-09 19:38:48.476 | INFO     | __main__:san_lian:183 - 用户 ：15251853026 已经评分完成
2019-11-09 19:38:48.488 | INFO     | __main__:san_lian:193 - 用户 ：15251853026 已经评价完成
2019-11-09 19:38:48.493 | INFO     | __main__:<module>:213 - 用户: 15251853026 before_after_test执行完毕, test_code:1
2019-11-09 19:40:51.850 | INFO     | __main__:password_detection:62 - 用户：15251853026, 进行第 1 次密码探测
2019-11-09 19:41:37.186 | INFO     | __main__:password_detection:93 - 用户：15251853026 , 密码：12345678 探测成功
2019-11-09 19:41:45.405 | INFO     | __main__:before_after_test:121 - 用户 15251853026, 点击进入用户页面
2019-11-09 19:42:04.797 | INFO     | __main__:before_after_test:126 - 用户 15251853026, 点击左侧菜单查看成绩信息
2019-11-09 19:42:19.881 | INFO     | __main__:before_after_test:132 - 用户 15251853026, 点击我的成绩按钮
2019-11-09 19:42:29.925 | INFO     | __main__:before_after_test:136 - 用户: 15251853026 查询结果： 基于移动互联网用户管理的运营设计与决策虚拟仿真实验 完成 77 2019-11-02 10:06:44 2019-11-02 10:55:59 49 下载
2019-11-09 19:43:15.210 | INFO     | __main__:san_lian:165 - 用户 15251853026 跳转到页面标签(实验评价页面) http://www.ilab-x.com/details/v5?id=4160 
2019-11-09 19:43:25.280 | INFO     | __main__:san_lian:168 - 用户 15251853026 点赞操作完成
2019-11-09 19:43:32.304 | INFO     | __main__:san_lian:183 - 用户 ：15251853026 已经评分完成
2019-11-09 19:43:32.320 | INFO     | __main__:san_lian:193 - 用户 ：15251853026 已经评价完成
2019-11-09 19:43:32.447 | INFO     | __main__:<module>:213 - 用户: 15251853026 before_after_test执行完毕, test_code:1
2019-11-09 19:45:20.738 | INFO     | __main__:password_detection:62 - 用户：15251853026, 进行第 1 次密码探测
2019-11-09 19:45:59.856 | INFO     | __main__:password_detection:93 - 用户：15251853026 , 密码：12345678 探测成功
2019-11-09 19:46:08.013 | INFO     | __main__:before_after_test:122 - 用户 15251853026, 点击进入用户页面
2019-11-09 19:46:24.878 | INFO     | __main__:before_after_test:127 - 用户 15251853026, 点击左侧菜单查看成绩信息
2019-11-09 19:46:39.978 | INFO     | __main__:before_after_test:133 - 用户 15251853026, 点击我的成绩按钮
2019-11-09 19:46:50.027 | INFO     | __main__:before_after_test:137 - 用户: 15251853026 查询结果： 基于移动互联网用户管理的运营设计与决策虚拟仿真实验 完成 77 2019-11-02 10:06:44 2019-11-02 10:55:59 49 下载
2019-11-09 19:47:30.775 | INFO     | __main__:san_lian:168 - 用户 15251853026 跳转到页面标签(实验评价页面) http://www.ilab-x.com/details/v5?id=4160 
2019-11-09 19:47:40.844 | INFO     | __main__:san_lian:171 - 用户 15251853026 点赞操作完成
2019-11-09 19:47:47.865 | INFO     | __main__:san_lian:186 - 用户 ：15251853026 已经评分完成
2019-11-09 19:47:47.878 | INFO     | __main__:san_lian:196 - 用户 ：15251853026 已经评价完成
2019-11-09 19:47:51.959 | INFO     | __main__:<module>:216 - 用户: 15251853026 before_after_test执行完毕, test_code:1
2019-11-09 19:53:11.643 | INFO     | __main__:password_detection:62 - 用户：15251853026, 进行第 1 次密码探测
2019-11-09 19:53:17.658 | INFO     | __main__:<module>:216 - 用户: 15251853026 before_after_test执行完毕, test_code:-1
2019-11-09 20:00:45.213 | INFO     | __main__:password_detection:62 - 用户：15251853026, 进行第 1 次密码探测
