2019-11-02 22:24:18.490 | INFO     | __main__:__init__:25 - ------------------------
2019-11-02 22:24:18.492 | INFO     | __main__:Day_init:32 - 第一次进行每日初始化: 20191102
2019-11-02 22:25:29.586 | DEBUG    | __main__:Day_init:35 - 重复进行每日初始化: 20191102
2019-11-02 22:26:27.468 | DEBUG    | __main__:Day_init:35 - 重复进行每日初始化: 20191102
2019-11-02 22:32:52.961 | DEBUG    | Init:Day_init:35 - 重复进行每日初始化: 20191102
2019-11-02 22:36:13.204 | DEBUG    | Init:Day_init:35 - 重复进行每日初始化: 20191102
2019-11-02 22:36:48.723 | DEBUG    | Init:Day_init:35 - 重复进行每日初始化: 20191102
2019-11-02 22:37:52.264 | DEBUG    | Init:Day_init:35 - 重复进行每日初始化: 20191102
2019-11-02 22:38:12.919 | DEBUG    | Init:Day_init:35 - 重复进行每日初始化: 20191102
2019-11-02 22:38:12.924 | INFO     | __main__:<module>:42 - 开始进行
2019-11-02 22:38:43.332 | DEBUG    | Init:Day_init:35 - 重复进行每日初始化: 20191102
2019-11-02 22:38:43.334 | INFO     | __main__:<module>:42 - 开始进行
2019-11-02 22:48:08.199 | DEBUG    | Init:Day_init:35 - 重复进行每日初始化: 20191102
2019-11-02 22:48:08.201 | INFO     | __main__:<module>:49 - 开始进行
2019-11-02 22:49:44.626 | DEBUG    | Init:Day_init:35 - 重复进行每日初始化: 20191102
2019-11-02 22:49:44.628 | INFO     | __main__:<module>:49 - 开始进行
2019-11-02 22:55:06.599 | DEBUG    | Init:Day_init:35 - 重复进行每日初始化: 20191102
2019-11-02 22:55:06.601 | INFO     | __main__:<module>:49 - 开始进行
2019-11-02 22:55:57.265 | DEBUG    | Init:Day_init:35 - 重复进行每日初始化: 20191102
2019-11-02 22:55:57.267 | INFO     | __main__:<module>:49 - 开始进行
2019-11-02 22:56:51.650 | DEBUG    | Init:Day_init:35 - 重复进行每日初始化: 20191102
2019-11-02 22:56:51.652 | INFO     | __main__:<module>:49 - 开始进行
2019-11-02 23:00:06.797 | DEBUG    | Init:Day_init:35 - 重复进行每日初始化: 20191102
2019-11-02 23:00:06.798 | INFO     | __main__:<module>:47 - ------------------ 15251853026 开始执行------------------
2019-11-02 23:07:04.042 | DEBUG    | Init:Day_init:35 - 重复进行每日初始化: 20191102
2019-11-02 23:07:04.043 | INFO     | __main__:<module>:45 - ------------------ 15251853026 开始执行------------------
2019-11-02 23:07:22.352 | DEBUG    | Init:Day_init:35 - 重复进行每日初始化: 20191102
2019-11-02 23:07:22.353 | INFO     | __main__:<module>:45 - ------------------ 15251853026 开始执行------------------
2019-11-02 23:29:32.220 | DEBUG    | Init:Day_init:35 - 重复进行每日初始化: 20191102
2019-11-02 23:29:32.221 | INFO     | __main__:<module>:45 - ------------------ 15251853026 开始执行------------------
2019-11-02 23:32:00.260 | DEBUG    | Init:Day_init:35 - 重复进行每日初始化: 20191102
2019-11-02 23:32:00.261 | INFO     | __main__:<module>:47 - ------------------ 15251853026 开始执行------------------
2019-11-03 15:38:58.089 | INFO     | Init:Day_init:33 - 第一次进行每日初始化: 20191103
2019-11-03 15:38:58.091 | INFO     | __main__:<module>:45 - ------------------ 15251853026 开始执行------------------
2019-11-03 15:41:26.936 | DEBUG    | Init:Day_init:35 - 重复进行每日初始化: 20191103
2019-11-03 15:41:42.893 | DEBUG    | Init:Day_init:35 - 重复进行每日初始化: 20191103
2019-11-03 15:42:59.846 | DEBUG    | Init:Day_init:35 - 重复进行每日初始化: 20191103
2019-11-03 15:42:59.860 | ERROR    | __main__:<module>:61 - 手机号码验证失败 15705185990
2019-11-03 15:42:59.861 | ERROR    | __main__:<module>:61 - 手机号码验证失败 15251852315
2019-11-03 15:42:59.861 | ERROR    | __main__:<module>:61 - 手机号码验证失败 18751877868
2019-11-03 15:42:59.861 | ERROR    | __main__:<module>:61 - 手机号码验证失败 18751887288
2019-11-03 15:42:59.861 | ERROR    | __main__:<module>:61 - 手机号码验证失败 18751883458
2019-11-03 15:44:15.136 | DEBUG    | Init:Day_init:35 - 重复进行每日初始化: 20191103
2019-11-03 15:44:15.149 | INFO     | __main__:<module>:61 - ------------------ 15705185990 开始执行------------------
2019-11-03 15:44:15.151 | INFO     | __main__:<module>:61 - ------------------ 15251852315 开始执行------------------
2019-11-03 15:44:15.152 | INFO     | __main__:<module>:61 - ------------------ 18751877868 开始执行------------------
2019-11-03 15:44:15.154 | INFO     | __main__:<module>:61 - ------------------ 18751887288 开始执行------------------
2019-11-03 15:44:15.155 | INFO     | __main__:<module>:61 - ------------------ 18751883458 开始执行------------------
2019-11-03 22:49:41.700 | INFO     | __main__:before_test:34 - 用户：15251853026, 进行第 1 次登陆
2019-11-03 22:50:00.223 | INFO     | __main__:before_test:42 - 用户：15251853026 , 密码：12345678 登陆成功
2019-11-03 23:00:39.845 | INFO     | __main__:before_test:34 - 用户：15251853026, 进行第 1 次登陆
2019-11-03 23:00:46.632 | INFO     | __main__:before_test:42 - 用户：15251853026 , 密码：12345678 登陆成功
2019-11-03 23:01:45.660 | INFO     | __main__:before_test:34 - 用户：15251853026, 进行第 1 次登陆
2019-11-03 23:01:52.439 | INFO     | __main__:before_test:42 - 用户：15251853026 , 密码：12345678 登陆成功
2019-11-03 23:03:02.362 | INFO     | __main__:before_test:34 - 用户：15251853026, 进行第 1 次登陆
2019-11-03 23:03:09.123 | INFO     | __main__:before_test:42 - 用户：15251853026 , 密码：12345678 登陆成功
2019-11-03 23:04:50.260 | INFO     | __main__:before_test:34 - 用户：15251853026, 进行第 1 次登陆
2019-11-03 23:04:57.027 | INFO     | __main__:before_test:42 - 用户：15251853026 , 密码：12345678 登陆成功
2019-11-03 23:05:12.377 | INFO     | __main__:before_test:62 - 用户: 15251853026 查询结果： 基于移动互联网用户管理的运营设计与决策虚拟仿真实验 完成 77 2019-11-02 10:06:44 2019-11-02 10:55:59 49 下载
2019-11-03 23:05:58.720 | INFO     | __main__:before_test:34 - 用户：18751877662, 进行第 1 次登陆
2019-11-03 23:06:05.486 | DEBUG    | __main__:before_test:45 - 用户：18751877662 , 密码：12345678 登陆失败
2019-11-03 23:06:05.487 | INFO     | __main__:before_test:34 - 用户：18751877662, 进行第 2 次登陆
2019-11-03 23:08:35.850 | INFO     | __main__:before_test:34 - 用户：18751877662, 进行第 1 次登陆
2019-11-03 23:08:42.630 | DEBUG    | __main__:before_test:45 - 用户：18751877662 , 密码：12345678 登陆失败
2019-11-03 23:08:49.927 | INFO     | __main__:before_test:34 - 用户：18751877662, 进行第 2 次登陆
2019-11-03 23:11:51.366 | INFO     | __main__:before_test:34 - 用户：18751877662, 进行第 1 次登陆
2019-11-03 23:11:58.088 | DEBUG    | __main__:before_test:45 - 用户：18751877662 , 密码：12345678 登陆失败
2019-11-03 23:12:05.232 | INFO     | __main__:before_test:34 - 用户：18751877662, 进行第 2 次登陆
2019-11-03 23:14:47.554 | INFO     | __main__:before_test:34 - 用户：18751877662, 进行第 1 次登陆
2019-11-04 00:00:11.536 | INFO     | __main__:before_test:34 - 用户：18751877662, 进行第 1 次登陆
2019-11-04 00:00:40.910 | INFO     | __main__:send_keys_verify_code:115 - 用户: 18751877662 登陆时出现验证码
2019-11-04 00:01:57.677 | DEBUG    | __main__:get_error_info_login:94 - 用户：18751877662 , 密码：12345678 登陆失败, 失败原因：密码错误
2019-11-04 00:02:12.081 | DEBUG    | __main__:get_error_info_login:94 - 用户：18751877662 , 密码：12345678 登陆失败, 失败原因：密码错误
2019-11-04 00:02:15.270 | DEBUG    | __main__:get_error_info_login:94 - 用户：18751877662 , 密码：12345678 登陆失败, 失败原因：密码错误
2019-11-04 00:02:18.517 | DEBUG    | __main__:get_error_info_login:94 - 用户：18751877662 , 密码：12345678 登陆失败, 失败原因：密码错误
2019-11-04 00:02:27.842 | INFO     | __main__:before_test:34 - 用户：18751877662, 进行第 2 次登陆
2019-11-04 00:04:10.687 | INFO     | __main__:before_test:34 - 用户：18751877662, 进行第 1 次登陆
2019-11-04 00:04:37.242 | INFO     | __main__:send_keys_verify_code:116 - 用户: 18751877662 登陆时出现验证码
2019-11-04 00:08:54.505 | INFO     | __main__:before_test:34 - 用户：18751877662, 进行第 1 次登陆
2019-11-04 00:09:12.889 | INFO     | __main__:send_keys_verify_code:118 - 用户: 18751877662 登陆时出现验证码
2019-11-04 00:15:39.180 | INFO     | __main__:before_test:34 - 用户：18751877662, 进行第 1 次登陆
2019-11-04 00:16:19.055 | INFO     | __main__:send_keys_verify_code:122 - 用户: 18751877662 登陆时出现验证码
2019-11-04 00:17:17.655 | DEBUG    | __main__:get_error_info_login:98 - 用户：18751877662 , 密码：12345678 登陆失败, 失败原因：密码错误
2019-11-04 00:17:32.652 | INFO     | __main__:before_test:34 - 用户：18751877662, 进行第 2 次登陆
2019-11-04 00:24:58.614 | INFO     | __main__:before_test:34 - 用户：18751877662, 进行第 1 次登陆
2019-11-04 00:26:18.207 | INFO     | __main__:before_test:34 - 用户：18751877662, 进行第 1 次登陆
2019-11-04 00:28:59.358 | INFO     | __main__:before_test:34 - 用户：18751877662, 进行第 1 次登陆
2019-11-04 00:29:30.493 | INFO     | __main__:send_keys_verify_code:129 - 用户: 18751877662 登陆时出现验证码
2019-11-04 00:30:45.605 | DEBUG    | __main__:get_error_info_login:105 - 用户：18751877662 , 密码：12345678 登陆失败, 失败原因：密码错误
2019-11-04 00:30:57.287 | INFO     | __main__:before_test:34 - 用户：18751877662, 进行第 2 次登陆
2019-11-04 00:31:06.930 | INFO     | __main__:send_keys_verify_code:129 - 用户: 18751877662 登陆时出现验证码
