2019-11-19 12:00:55.035 | INFO     | __main__:<module>:611 - 前期配置开始
2019-11-19 12:07:25.686 | INFO     | __main__:<module>:614 - 资源配置开始
2019-11-19 12:10:44.986 | INFO     | __main__:<module>:617 - 商业配置开始
2019-11-19 12:23:15.617 | INFO     | __main__:<module>:620 - 市场配置开始
2019-11-19 12:29:28.232 | INFO     | __main__:<module>:623 - 利润损失配置开始
2019-11-19 13:02:55.052 | INFO     | __main__:<module>:610 - 前期配置开始
2019-11-19 13:09:25.651 | INFO     | __main__:<module>:613 - 资源配置开始
2019-11-19 13:12:44.938 | INFO     | __main__:<module>:616 - 商业配置开始
2019-11-19 13:25:11.163 | INFO     | __main__:<module>:619 - 市场配置开始
2019-11-19 13:31:23.743 | INFO     | __main__:<module>:622 - 利润损失配置开始
2019-11-19 13:45:39.526 | INFO     | __main__:<module>:596 - 前期配置开始
2019-11-19 13:52:10.162 | INFO     | __main__:<module>:599 - 资源配置开始
2019-11-19 13:58:00.310 | INFO     | __main__:<module>:602 - 商业配置开始
2019-11-19 14:10:30.871 | INFO     | __main__:<module>:605 - 市场配置开始
2019-11-19 14:16:43.535 | INFO     | __main__:<module>:608 - 利润损失配置开始
2019-11-19 14:54:00.321 | INFO     | __main__:<module>:596 - 前期配置开始
2019-11-19 15:00:30.908 | INFO     | __main__:<module>:599 - 资源配置开始
2019-11-19 15:06:20.975 | INFO     | __main__:<module>:602 - 商业配置开始
2019-11-19 15:18:51.485 | INFO     | __main__:<module>:605 - 市场配置开始
2019-11-19 15:25:04.085 | INFO     | __main__:<module>:608 - 利润损失配置开始
2019-11-19 15:45:57.737 | INFO     | __main__:<module>:596 - 前期配置开始
2019-11-19 15:52:28.436 | INFO     | __main__:<module>:599 - 资源配置开始
2019-11-19 15:58:18.528 | INFO     | __main__:<module>:602 - 商业配置开始
2019-11-19 16:10:49.331 | INFO     | __main__:<module>:605 - 市场配置开始
2019-11-19 16:17:01.919 | INFO     | __main__:<module>:608 - 利润损失配置开始
2019-11-19 16:45:49.603 | INFO     | __main__:<module>:596 - 前期配置开始
2019-11-19 16:52:20.175 | INFO     | __main__:<module>:599 - 资源配置开始
2019-11-19 16:58:10.197 | INFO     | __main__:<module>:602 - 商业配置开始
2019-11-19 17:10:40.668 | INFO     | __main__:<module>:605 - 市场配置开始
2019-11-19 17:16:53.250 | INFO     | __main__:<module>:608 - 利润损失配置开始
2019-11-19 17:35:54.364 | INFO     | __main__:<module>:596 - 前期配置开始
2019-11-19 17:42:24.996 | INFO     | __main__:<module>:599 - 资源配置开始
2019-11-19 17:48:15.132 | INFO     | __main__:<module>:602 - 商业配置开始
2019-11-19 18:00:45.785 | INFO     | __main__:<module>:605 - 市场配置开始
2019-11-19 18:06:58.411 | INFO     | __main__:<module>:608 - 利润损失配置开始
2019-11-19 18:31:31.537 | INFO     | __main__:<module>:596 - 前期配置开始
2019-11-19 18:38:02.143 | INFO     | __main__:<module>:599 - 资源配置开始
2019-11-19 18:43:52.452 | INFO     | __main__:<module>:602 - 商业配置开始
2019-11-19 18:56:18.720 | INFO     | __main__:<module>:605 - 市场配置开始
2019-11-19 19:02:31.282 | INFO     | __main__:<module>:608 - 利润损失配置开始
